<?xml version="1.0" encoding="UTF-8"?>
<testsuite xmlns:xsi="http://www.w3.org/2001/XMLSchema-instance" xsi:noNamespaceSchemaLocation="https://maven.apache.org/surefire/maven-surefire-plugin/xsd/surefire-test-report.xsd" version="3.0.2" name="com.eduleli.boardcamp.customer.CustomerControllerTest" time="1.633" tests="3" errors="0" skipped="0" failures="0">
  <properties>
[...]
</properties>
  <testcase name="shouldListCustomers" classname="com.eduleli.boardcamp.customer.CustomerControllerTest" time="0.323">
    <system-out><![CDATA[2025-12-02T13:29:59.154-03:00  INFO 23664 --- [           main] t.c.s.AnnotationConfigContextLoaderUtils : Could not detect default configuration classes for test class [com.eduleli.boardcamp.customer.CustomerControllerTest]: CustomerControllerTest does not declare any static, non-private, non-final, nested classes annotated with @Configuration.
2025-12-02T13:29:59.200-03:00  INFO 23664 --- [           main] .b.t.c.SpringBootTestContextBootstrapper : Found @SpringBootConfiguration com.eduleli.boardcamp.BoardcampApplication for test class com.eduleli.boardcamp.customer.CustomerControllerTest
2025-12-02T13:29:59.253-03:00  INFO 23664 --- [           main] o.s.b.d.r.RestartApplicationListener     : Restart disabled due to context in which it is running

  .   ____          _            __ _ _
 /\\ / ___'_ __ _ _(_)_ __  __ _ \ \ \ \
( ( )\___ | '_ | '_| | '_ \/ _` | \ \ \ \
 \\/  ___)| |_)| | | | | || (_| |  ) ) ) )
  '  |____| .__|_| |_|_| |_\__, | / / / /
 =========|_|==============|___/=/_/_/_/

 :: Spring Boot ::               (v3.4.12)

2025-12-02T13:29:59.330-03:00  INFO 23664 --- [           main] c.e.b.customer.CustomerControllerTest    : Starting CustomerControllerTest using Java 25.0.1 with PID 23664 (started by Administrador in C:\Users\Administrador\Desktop\BoardcampJava)
2025-12-02T13:29:59.331-03:00  INFO 23664 --- [           main] c.e.b.customer.CustomerControllerTest    : No active profile set, falling back to 1 default profile: "default"
2025-12-02T13:29:59.657-03:00  INFO 23664 --- [           main] .s.d.r.c.RepositoryConfigurationDelegate : Bootstrapping Spring Data JPA repositories in DEFAULT mode.
2025-12-02T13:29:59.676-03:00  INFO 23664 --- [           main] .s.d.r.c.RepositoryConfigurationDelegate : Finished Spring Data repository scanning in 16 ms. Found 3 JPA repository interfaces.
2025-12-02T13:29:59.781-03:00  INFO 23664 --- [           main] o.hibernate.jpa.internal.util.LogHelper  : HHH000204: Processing PersistenceUnitInfo [name: default]
2025-12-02T13:29:59.783-03:00  INFO 23664 --- [           main] o.h.c.internal.RegionFactoryInitiator    : HHH000026: Second-level cache disabled
2025-12-02T13:29:59.795-03:00  INFO 23664 --- [           main] o.s.o.j.p.SpringPersistenceUnitInfo      : No LoadTimeWeaver setup: ignoring JPA class transformer
2025-12-02T13:29:59.796-03:00  INFO 23664 --- [           main] com.zaxxer.hikari.HikariDataSource       : HikariPool-2 - Starting...
2025-12-02T13:29:59.857-03:00  INFO 23664 --- [           main] com.zaxxer.hikari.pool.HikariPool        : HikariPool-2 - Added connection org.postgresql.jdbc.PgConnection@41fe0d98
2025-12-02T13:29:59.858-03:00  INFO 23664 --- [           main] com.zaxxer.hikari.HikariDataSource       : HikariPool-2 - Start completed.
2025-12-02T13:29:59.866-03:00  WARN 23664 --- [           main] org.hibernate.orm.deprecation            : HHH90000025: PostgreSQLDialect does not need to be specified explicitly using 'hibernate.dialect' (remove the property setting and it will be selected by default)
2025-12-02T13:29:59.868-03:00  INFO 23664 --- [           main] org.hibernate.orm.connections.pooling    : HHH10001005: Database info:
	Database JDBC URL [Connecting through datasource 'HikariDataSource (HikariPool-2)']
	Database driver: undefined/unknown
	Database version: 17.6
	Autocommit mode: undefined/unknown
	Isolation level: undefined/unknown
	Minimum pool size: undefined/unknown
	Maximum pool size: undefined/unknown
2025-12-02T13:29:59.915-03:00  INFO 23664 --- [           main] o.h.e.t.j.p.i.JtaPlatformInitiator       : HHH000489: No JTA platform available (set 'hibernate.transaction.jta.platform' to enable JTA platform integration)
2025-12-02T13:29:59.951-03:00  INFO 23664 --- [           main] j.LocalContainerEntityManagerFactoryBean : Initialized JPA EntityManagerFactory for persistence unit 'default'
2025-12-02T13:30:00.053-03:00  WARN 23664 --- [           main] JpaBaseConfiguration$JpaWebConfiguration : spring.jpa.open-in-view is enabled by default. Therefore, database queries may be performed during view rendering. Explicitly configure spring.jpa.open-in-view to disable this warning
2025-12-02T13:30:00.195-03:00  INFO 23664 --- [           main] o.s.b.t.m.w.SpringBootMockServletContext : Initializing Spring TestDispatcherServlet ''
2025-12-02T13:30:00.196-03:00  INFO 23664 --- [           main] o.s.t.web.servlet.TestDispatcherServlet  : Initializing Servlet ''
2025-12-02T13:30:00.197-03:00  INFO 23664 --- [           main] o.s.t.web.servlet.TestDispatcherServlet  : Completed initialization in 1 ms
2025-12-02T13:30:00.216-03:00  INFO 23664 --- [           main] c.e.b.customer.CustomerControllerTest    : Started CustomerControllerTest in 0.962 seconds (process running for 7.785)
Hibernate: 
    select
        c1_0.id,
        c1_0.cpf,
        c1_0.name,
        c1_0.phone 
    from
        customers c1_0
]]></system-out>
  </testcase>
  <testcase name="shouldReturn400WhenInvalidCustomer" classname="com.eduleli.boardcamp.customer.CustomerControllerTest" time="0.148"/>
  <testcase name="shouldCreateCustomer" classname="com.eduleli.boardcamp.customer.CustomerControllerTest" time="0.085">
    <system-out><![CDATA[Hibernate: 
    select
        c1_0.id 
    from
        customers c1_0 
    where
        c1_0.cpf=? 
    fetch
        first ? rows only
Hibernate: 
    insert 
    into
        customers
        (cpf, name, phone) 
    values
        (?, ?, ?)
]]></system-out>
  </testcase>
</testsuite>